# JRE version: OpenJDK Runtime Environment Temurin-17.0.19+10 (17.0.19+10) (build 17.0.19+10)
# Java VM: OpenJDK 64-Bit Server VM Temurin-17.0.19+10 (17.0.19+10, mixed mode, sharing, tiered, compressed oops, compressed class ptrs, g1 gc, windows-amd64)
GC Precious Log:
 CPUs: 20 total, 20 available
 Memory: 16084M
 Large Page Support: Disabled
 NUMA Support: Disabled
 Compressed Oops: Enabled (32-bit)
 Heap Region Size: 1M
 Heap Min Capacity: 8M
 Heap Initial Capacity: 252M
 Heap Max Capacity: 1G
 Pre-touch: Disabled
 Parallel Workers: 15
 Concurrent Workers: 4
 Concurrent Refinement Workers: 15
 Periodic GC: Disabled
Heap:
 garbage-first heap   total 106496K, used 60498K [0x00000000c0000000, 0x0000000100000000)
  region size 1024K, 25 young (25600K), 4 survivors (4096K)
 Metaspace       used 61843K, committed 62464K, reserved 1114112K
  class space    used 7447K, committed 7744K, reserved 1048576K
GC Heap History (20 events):
Event: 0.197 GC heap before
{Heap before GC invocations=0 (full 0):
 garbage-first heap   total 258048K, used 33792K [0x00000000c0000000, 0x0000000100000000)
  region size 1024K, 23 young (23552K), 0 survivors (0K)
 Metaspace       used 1716K, committed 1856K, reserved 1114112K
  class space    used 99K, committed 192K, reserved 1048576K
}
Event: 0.200 GC heap after
{Heap after GC invocations=1 (full 0):
 garbage-first heap   total 258048K, used 22868K [0x00000000c0000000, 0x0000000100000000)
  region size 1024K, 3 young (3072K), 3 survivors (3072K)
 Metaspace       used 1716K, committed 1856K, reserved 1114112K
  class space    used 99K, committed 192K, reserved 1048576K
}
Event: 0.493 GC heap before
{Heap before GC invocations=1 (full 0):
 garbage-first heap   total 258048K, used 41300K [0x00000000c0000000, 0x0000000100000000)
  region size 1024K, 22 young (22528K), 3 survivors (3072K)
 Metaspace       used 6777K, committed 6912K, reserved 1114112K
  class space    used 713K, committed 768K, reserved 1048576K
}
Event: 0.495 GC heap after
{Heap after GC invocations=2 (full 0):
 garbage-first heap   total 258048K, used 25932K [0x00000000c0000000, 0x0000000100000000)
  region size 1024K, 3 young (3072K), 3 survivors (3072K)
 Metaspace       used 6777K, committed 6912K, reserved 1114112K
  class space    used 713K, committed 768K, reserved 1048576K
}
Event: 1.151 GC heap before
{Heap before GC invocations=2 (full 0):
 garbage-first heap   total 258048K, used 67916K [0x00000000c0000000, 0x0000000100000000)
  region size 1024K, 44 young (45056K), 3 survivors (3072K)
 Metaspace       used 17379K, committed 17664K, reserved 1114112K
  class space    used 2086K, committed 2240K, reserved 1048576K
}
Event: 1.154 GC heap after
{Heap after GC invocations=3 (full 0):
 garbage-first heap   total 258048K, used 28878K [0x00000000c0000000, 0x0000000100000000)
  region size 1024K, 6 young (6144K), 6 survivors (6144K)
 Metaspace       used 17379K, committed 17664K, reserved 1114112K
  class space    used 2086K, committed 2240K, reserved 1048576K
}
Event: 1.449 GC heap before
{Heap before GC invocations=3 (full 0):
 garbage-first heap   total 258048K, used 44238K [0x00000000c0000000, 0x0000000100000000)
  region size 1024K, 22 young (22528K), 6 survivors (6144K)
 Metaspace       used 21230K, committed 21504K, reserved 1114112K
  class space    used 2572K, committed 2752K, reserved 1048576K
}
Event: 1.452 GC heap after
{Heap after GC invocations=4 (full 0):
 garbage-first heap   total 258048K, used 29991K [0x00000000c0000000, 0x0000000100000000)
  region size 1024K, 7 young (7168K), 7 survivors (7168K)
 Metaspace       used 21230K, committed 21504K, reserved 1114112K
  class space    used 2572K, committed 2752K, reserved 1048576K
}
Event: 2.226 GC heap before
{Heap before GC invocations=5 (full 0):
 garbage-first heap   total 106496K, used 84263K [0x00000000c0000000, 0x0000000100000000)
  region size 1024K, 61 young (62464K), 7 survivors (7168K)
 Metaspace       used 32190K, committed 32640K, reserved 1114112K
  class space    used 3875K, committed 4096K, reserved 1048576K
}
Event: 2.232 GC heap after
{Heap after GC invocations=6 (full 0):
 garbage-first heap   total 106496K, used 32857K [0x00000000c0000000, 0x0000000100000000)
  region size 1024K, 8 young (8192K), 8 survivors (8192K)
 Metaspace       used 32190K, committed 32640K, reserved 1114112K
  class space    used 3875K, committed 4096K, reserved 1048576K
}
Event: 2.239 GC heap before
{Heap before GC invocations=6 (full 0):
 garbage-first heap   total 106496K, used 32857K [0x00000000c0000000, 0x0000000100000000)
  region size 1024K, 9 young (9216K), 8 survivors (8192K)
 Metaspace       used 32371K, committed 32768K, reserved 1114112K
  class space    used 3899K, committed 4096K, reserved 1048576K
}
Event: 2.244 GC heap after
{Heap after GC invocations=7 (full 0):
 garbage-first heap   total 106496K, used 33170K [0x00000000c0000000, 0x0000000100000000)
  region size 1024K, 1 young (1024K), 1 survivors (1024K)
 Metaspace       used 32371K, committed 32768K, reserved 1114112K
  class space    used 3899K, committed 4096K, reserved 1048576K
}
Event: 2.377 GC heap before
{Heap before GC invocations=7 (full 0):
 garbage-first heap   total 106496K, used 47506K [0x00000000c0000000, 0x0000000100000000)
  region size 1024K, 16 young (16384K), 1 survivors (1024K)
 Metaspace       used 35595K, committed 35968K, reserved 1114112K
  class space    used 4293K, committed 4480K, reserved 1048576K
}
Event: 2.379 GC heap after
{Heap after GC invocations=8 (full 0):
 garbage-first heap   total 106496K, used 33631K [0x00000000c0000000, 0x0000000100000000)
  region size 1024K, 2 young (2048K), 2 survivors (2048K)
 Metaspace       used 35595K, committed 35968K, reserved 1114112K
  class space    used 4293K, committed 4480K, reserved 1048576K
}
Event: 2.939 GC heap before
{Heap before GC invocations=9 (full 0):
 garbage-first heap   total 106496K, used 76639K [0x00000000c0000000, 0x0000000100000000)
  region size 1024K, 45 young (46080K), 2 survivors (2048K)
 Metaspace       used 44299K, committed 44800K, reserved 1114112K
  class space    used 5416K, committed 5632K, reserved 1048576K
}
Event: 2.942 GC heap after
{Heap after GC invocations=10 (full 0):
 garbage-first heap   total 106496K, used 36571K [0x00000000c0000000, 0x0000000100000000)
  region size 1024K, 4 young (4096K), 4 survivors (4096K)
 Metaspace       used 44299K, committed 44800K, reserved 1114112K
  class space    used 5416K, committed 5632K, reserved 1048576K
}
Event: 3.373 GC heap before
{Heap before GC invocations=10 (full 0):
 garbage-first heap   total 106496K, used 79579K [0x00000000c0000000, 0x0000000100000000)
  region size 1024K, 47 young (48128K), 4 survivors (4096K)
 Metaspace       used 51069K, committed 51584K, reserved 1114112K
  class space    used 6030K, committed 6272K, reserved 1048576K
}
Event: 3.376 GC heap after
{Heap after GC invocations=11 (full 0):
 garbage-first heap   total 106496K, used 39128K [0x00000000c0000000, 0x0000000100000000)
  region size 1024K, 3 young (3072K), 3 survivors (3072K)
 Metaspace       used 51069K, committed 51584K, reserved 1114112K
  class space    used 6030K, committed 6272K, reserved 1048576K
}
Event: 4.897 GC heap before
{Heap before GC invocations=11 (full 0):
 garbage-first heap   total 106496K, used 71896K [0x00000000c0000000, 0x0000000100000000)
  region size 1024K, 37 young (37888K), 3 survivors (3072K)
 Metaspace       used 59651K, committed 60160K, reserved 1114112K
  class space    used 7130K, committed 7360K, reserved 1048576K
}
Event: 4.901 GC heap after
{Heap after GC invocations=12 (full 0):
 garbage-first heap   total 106496K, used 40018K [0x00000000c0000000, 0x0000000100000000)
  region size 1024K, 4 young (4096K), 4 survivors (4096K)
 Metaspace       used 59651K, committed 60160K, reserved 1114112K
  class space    used 7130K, committed 7360K, reserved 1048576K
}

